TN:
SF:src/config.ts
FN:2,(anonymous_0)
FN:6,(anonymous_1)
FN:9,(anonymous_2)
FN:13,(anonymous_3)
FN:15,(anonymous_4)
FN:18,(anonymous_5)
FN:19,(anonymous_6)
FN:20,(anonymous_7)
FN:27,(anonymous_8)
FN:39,(anonymous_9)
FN:55,(anonymous_10)
FN:58,(anonymous_11)
FN:71,(anonymous_12)
FN:83,(anonymous_13)
FN:89,(anonymous_14)
FN:95,(anonymous_15)
FN:101,(anonymous_16)
FN:107,(anonymous_17)
FN:113,(anonymous_18)
FN:119,(anonymous_19)
FN:125,(anonymous_20)
FN:131,(anonymous_21)
FN:140,(anonymous_22)
FN:170,(anonymous_23)
FN:201,(anonymous_24)
FN:207,(anonymous_25)
FN:230,(anonymous_26)
FNF:27
FNH:20
FNDA:0,(anonymous_0)
FNDA:0,(anonymous_1)
FNDA:0,(anonymous_2)
FNDA:0,(anonymous_3)
FNDA:0,(anonymous_4)
FNDA:2,(anonymous_5)
FNDA:0,(anonymous_6)
FNDA:0,(anonymous_7)
FNDA:2,(anonymous_8)
FNDA:35,(anonymous_9)
FNDA:10,(anonymous_10)
FNDA:5,(anonymous_11)
FNDA:8,(anonymous_12)
FNDA:2,(anonymous_13)
FNDA:1,(anonymous_14)
FNDA:1,(anonymous_15)
FNDA:1,(anonymous_16)
FNDA:1,(anonymous_17)
FNDA:1,(anonymous_18)
FNDA:1,(anonymous_19)
FNDA:2,(anonymous_20)
FNDA:3,(anonymous_21)
FNDA:79,(anonymous_22)
FNDA:13,(anonymous_23)
FNDA:9,(anonymous_24)
FNDA:2,(anonymous_25)
FNDA:20,(anonymous_26)
DA:2,2
DA:3,0
DA:4,0
DA:5,0
DA:6,0
DA:8,0
DA:10,0
DA:11,0
DA:13,2
DA:14,0
DA:16,0
DA:18,2
DA:19,2
DA:20,0
DA:21,0
DA:22,0
DA:23,0
DA:25,0
DA:27,2
DA:28,2
DA:29,0
DA:30,0
DA:31,0
DA:32,0
DA:35,2
DA:36,2
DA:37,2
DA:40,35
DA:41,35
DA:56,10
DA:60,5
DA:61,1
DA:66,4
DA:67,4
DA:69,4
DA:71,4
DA:72,8
DA:73,8
DA:75,1
DA:77,3
DA:78,1
DA:80,2
DA:81,2
DA:84,2
DA:85,2
DA:86,2
DA:87,2
DA:90,1
DA:91,1
DA:92,1
DA:93,1
DA:96,1
DA:97,1
DA:98,1
DA:99,1
DA:102,1
DA:103,1
DA:104,1
DA:105,1
DA:108,1
DA:109,1
DA:110,1
DA:111,1
DA:114,1
DA:115,1
DA:116,1
DA:117,1
DA:120,1
DA:121,1
DA:122,1
DA:123,1
DA:126,2
DA:127,2
DA:128,2
DA:129,2
DA:132,3
DA:133,3
DA:141,79
DA:142,1
DA:144,78
DA:145,78
DA:146,1
DA:154,77
DA:155,77
DA:156,77
DA:157,77
DA:158,77
DA:159,77
DA:171,13
DA:172,1
DA:174,12
DA:175,12
DA:176,12
DA:177,55
DA:178,2
DA:180,53
DA:181,53
DA:182,8
DA:185,45
DA:186,45
DA:187,42
DA:188,42
DA:190,42
DA:191,4
DA:195,12
DA:202,9
DA:203,9
DA:204,9
DA:206,9
DA:207,2
DA:208,7
DA:209,7
DA:210,7
DA:212,7
DA:213,7
DA:215,7
DA:216,7
DA:217,4
DA:220,7
DA:221,3
DA:223,7
DA:224,7
DA:226,7
DA:228,2
DA:231,20
DA:232,20
DA:235,2
DA:236,2
LF:128
LH:110
BRDA:2,0,0,2
BRDA:2,0,1,2
BRDA:2,0,2,2
BRDA:2,1,0,2
BRDA:2,1,1,0
BRDA:3,2,0,0
BRDA:3,2,1,0
BRDA:5,3,0,0
BRDA:5,3,1,0
BRDA:5,4,0,0
BRDA:5,4,1,0
BRDA:5,5,0,0
BRDA:5,5,1,0
BRDA:5,6,0,0
BRDA:5,6,1,0
BRDA:10,7,0,0
BRDA:10,7,1,0
BRDA:13,8,0,2
BRDA:13,8,1,2
BRDA:13,8,2,2
BRDA:13,9,0,2
BRDA:13,9,1,0
BRDA:18,10,0,2
BRDA:18,10,1,2
BRDA:18,10,2,2
BRDA:20,11,0,0
BRDA:20,11,1,0
BRDA:22,12,0,0
BRDA:22,12,1,0
BRDA:28,13,0,2
BRDA:28,13,1,0
BRDA:28,14,0,2
BRDA:28,14,1,2
BRDA:30,15,0,0
BRDA:30,15,1,0
BRDA:30,16,0,0
BRDA:30,16,1,0
BRDA:60,17,0,1
BRDA:60,17,1,4
BRDA:71,18,0,1
BRDA:71,18,1,3
BRDA:77,19,0,1
BRDA:77,19,1,2
BRDA:127,20,0,1
BRDA:127,20,1,1
BRDA:132,21,0,3
BRDA:132,21,1,1
BRDA:133,22,0,1
BRDA:133,22,1,2
BRDA:141,23,0,1
BRDA:141,23,1,78
BRDA:141,24,0,79
BRDA:141,24,1,78
BRDA:145,25,0,1
BRDA:145,25,1,77
BRDA:145,26,0,78
BRDA:145,26,1,77
BRDA:159,27,0,77
BRDA:159,27,1,25
BRDA:159,27,2,21
BRDA:159,27,3,18
BRDA:159,27,4,15
BRDA:171,28,0,1
BRDA:171,28,1,12
BRDA:177,29,0,2
BRDA:177,29,1,53
BRDA:177,30,0,55
BRDA:177,30,1,53
BRDA:181,31,0,8
BRDA:181,31,1,45
BRDA:181,32,0,53
BRDA:181,32,1,51
BRDA:186,33,0,42
BRDA:186,33,1,3
BRDA:190,34,0,4
BRDA:190,34,1,38
BRDA:206,35,0,7
BRDA:206,35,1,2
BRDA:206,36,0,9
BRDA:206,36,1,2
BRDA:212,37,0,7
BRDA:212,37,1,0
BRDA:216,38,0,4
BRDA:216,38,1,3
BRDA:220,39,0,3
BRDA:220,39,1,4
BRF:86
BRH:62
end_of_record
TN:
SF:src/statusBarManager.ts
FN:2,(anonymous_0)
FN:6,(anonymous_1)
FN:9,(anonymous_2)
FN:13,(anonymous_3)
FN:15,(anonymous_4)
FN:18,(anonymous_5)
FN:19,(anonymous_6)
FN:20,(anonymous_7)
FN:27,(anonymous_8)
FN:40,(anonymous_9)
FN:47,(anonymous_10)
FN:90,(anonymous_11)
FN:99,(anonymous_12)
FN:109,(anonymous_13)
FN:114,(anonymous_14)
FN:144,(anonymous_15)
FN:147,(anonymous_16)
FN:149,(anonymous_17)
FN:151,(anonymous_18)
FN:161,(anonymous_19)
FN:171,(anonymous_20)
FN:255,(anonymous_21)
FN:256,(anonymous_22)
FN:258,(anonymous_23)
FN:278,(anonymous_24)
FNF:25
FNH:18
FNDA:0,(anonymous_0)
FNDA:0,(anonymous_1)
FNDA:0,(anonymous_2)
FNDA:0,(anonymous_3)
FNDA:0,(anonymous_4)
FNDA:3,(anonymous_5)
FNDA:0,(anonymous_6)
FNDA:0,(anonymous_7)
FNDA:3,(anonymous_8)
FNDA:32,(anonymous_9)
FNDA:35,(anonymous_10)
FNDA:68,(anonymous_11)
FNDA:245,(anonymous_12)
FNDA:25,(anonymous_13)
FNDA:15,(anonymous_14)
FNDA:1,(anonymous_15)
FNDA:1,(anonymous_16)
FNDA:7,(anonymous_17)
FNDA:3,(anonymous_18)
FNDA:4,(anonymous_19)
FNDA:25,(anonymous_20)
FNDA:7,(anonymous_21)
FNDA:49,(anonymous_22)
FNDA:34,(anonymous_23)
FNDA:33,(anonymous_24)
DA:2,3
DA:3,0
DA:4,0
DA:5,0
DA:6,0
DA:8,0
DA:10,0
DA:11,0
DA:13,3
DA:14,0
DA:16,0
DA:18,3
DA:19,3
DA:20,0
DA:21,0
DA:22,0
DA:23,0
DA:25,0
DA:27,3
DA:28,3
DA:29,0
DA:30,0
DA:31,0
DA:32,0
DA:35,3
DA:36,3
DA:37,3
DA:38,3
DA:41,32
DA:42,32
DA:43,32
DA:44,32
DA:45,32
DA:49,35
DA:51,35
DA:57,35
DA:61,32
DA:62,32
DA:68,3
DA:69,3
DA:71,35
DA:72,35
DA:73,35
DA:74,35
DA:76,35
DA:78,35
DA:79,35
DA:81,245
DA:84,245
DA:85,245
DA:86,245
DA:88,35
DA:91,68
DA:92,36
DA:93,36
DA:99,68
DA:100,245
DA:101,245
DA:107,68
DA:111,25
DA:112,3
DA:114,15
DA:116,3
DA:117,3
DA:118,21
DA:119,2
DA:126,3
DA:128,3
DA:129,1
DA:130,1
DA:131,2
DA:132,2
DA:133,2
DA:134,2
DA:135,2
DA:136,2
DA:139,2
DA:140,0
DA:145,1
DA:148,1
DA:149,7
DA:152,3
DA:153,3
DA:154,3
DA:155,3
DA:156,3
DA:157,3
DA:158,3
DA:159,3
DA:162,4
DA:163,4
DA:164,4
DA:165,4
DA:166,4
DA:167,4
DA:168,4
DA:169,4
DA:172,25
DA:173,25
DA:174,25
DA:176,25
DA:177,34
DA:178,34
DA:179,34
DA:181,34
DA:182,1
DA:185,34
DA:186,1
DA:189,34
DA:190,30
DA:191,30
DA:194,34
DA:195,3
DA:196,3
DA:197,3
DA:199,34
DA:200,34
DA:202,34
DA:203,34
DA:204,30
DA:205,30
DA:208,34
DA:209,34
DA:212,34
DA:213,34
DA:214,30
DA:215,30
DA:218,34
DA:219,1
DA:220,1
DA:223,34
DA:224,34
DA:225,34
DA:226,34
DA:227,34
DA:228,34
DA:231,34
DA:232,24
DA:234,23
DA:237,1
DA:239,24
DA:242,34
DA:243,31
DA:247,25
DA:248,141
DA:249,141
DA:250,1
DA:251,1
DA:256,49
DA:259,34
DA:260,34
DA:261,34
DA:262,34
DA:263,34
DA:264,34
DA:265,34
DA:266,34
DA:267,34
DA:268,34
DA:269,34
DA:270,34
DA:271,34
DA:272,34
DA:273,34
DA:274,34
DA:275,34
DA:276,34
DA:279,33
DA:282,3
LF:169
LH:150
BRDA:2,0,0,3
BRDA:2,0,1,3
BRDA:2,0,2,3
BRDA:2,1,0,3
BRDA:2,1,1,0
BRDA:3,2,0,0
BRDA:3,2,1,0
BRDA:5,3,0,0
BRDA:5,3,1,0
BRDA:5,4,0,0
BRDA:5,4,1,0
BRDA:5,5,0,0
BRDA:5,5,1,0
BRDA:5,6,0,0
BRDA:5,6,1,0
BRDA:10,7,0,0
BRDA:10,7,1,0
BRDA:13,8,0,3
BRDA:13,8,1,3
BRDA:13,8,2,3
BRDA:13,9,0,3
BRDA:13,9,1,0
BRDA:18,10,0,3
BRDA:18,10,1,3
BRDA:18,10,2,3
BRDA:20,11,0,0
BRDA:20,11,1,0
BRDA:22,12,0,0
BRDA:22,12,1,0
BRDA:28,13,0,3
BRDA:28,13,1,0
BRDA:28,14,0,3
BRDA:28,14,1,3
BRDA:30,15,0,0
BRDA:30,15,1,0
BRDA:30,16,0,0
BRDA:30,16,1,0
BRDA:51,17,0,3
BRDA:51,17,1,32
BRDA:57,18,0,32
BRDA:57,18,1,3
BRDA:81,19,0,224
BRDA:81,19,1,21
BRDA:91,20,0,36
BRDA:91,20,1,32
BRDA:111,21,0,3
BRDA:111,21,1,22
BRDA:112,22,0,3
BRDA:112,22,1,3
BRDA:112,22,2,3
BRDA:118,23,0,2
BRDA:118,23,1,19
BRDA:128,24,0,1
BRDA:128,24,1,2
BRDA:128,25,0,3
BRDA:128,25,1,1
BRDA:139,26,0,0
BRDA:139,26,1,2
BRDA:151,27,0,0
BRDA:155,28,0,1
BRDA:155,28,1,2
BRDA:161,29,0,0
BRDA:165,30,0,3
BRDA:165,30,1,1
BRDA:166,31,0,4
BRDA:166,31,1,2
BRDA:181,32,0,1
BRDA:181,32,1,33
BRDA:185,33,0,1
BRDA:185,33,1,33
BRDA:189,34,0,30
BRDA:189,34,1,4
BRDA:194,35,0,3
BRDA:194,35,1,31
BRDA:194,36,0,34
BRDA:194,36,1,33
BRDA:196,37,0,2
BRDA:196,37,1,1
BRDA:203,38,0,30
BRDA:203,38,1,4
BRDA:209,39,0,6
BRDA:209,39,1,28
BRDA:211,40,0,28
BRDA:211,40,1,28
BRDA:212,41,0,34
BRDA:212,41,1,0
BRDA:213,42,0,30
BRDA:213,42,1,4
BRDA:218,43,0,1
BRDA:218,43,1,33
BRDA:226,44,0,34
BRDA:226,44,1,6
BRDA:227,45,0,34
BRDA:227,45,1,6
BRDA:228,46,0,27
BRDA:228,46,1,7
BRDA:229,47,0,27
BRDA:229,47,1,21
BRDA:229,47,2,24
BRDA:229,47,3,6
BRDA:231,48,0,24
BRDA:231,48,1,10
BRDA:232,49,0,23
BRDA:232,49,1,1
BRDA:234,50,0,18
BRDA:234,50,1,5
BRDA:242,51,0,31
BRDA:242,51,1,3
BRDA:242,52,0,34
BRDA:242,52,1,3
BRDA:249,53,0,1
BRDA:249,53,1,140
BRDA:260,54,0,0
BRDA:260,54,1,34
BRF:114
BRH:86
end_of_record
TN:
SF:src/stockDataService.ts
FN:6,(anonymous_0)
FN:11,(anonymous_1)
FN:40,(anonymous_2)
FN:66,(anonymous_3)
FN:83,(anonymous_4)
FN:132,(anonymous_5)
FN:136,(anonymous_6)
FN:157,(anonymous_7)
FN:174,(anonymous_8)
FN:198,(anonymous_9)
FN:214,(anonymous_10)
FN:220,(anonymous_11)
FN:232,(anonymous_12)
FNF:13
FNH:13
FNDA:34,(anonymous_0)
FNDA:21,(anonymous_1)
FNDA:20,(anonymous_2)
FNDA:20,(anonymous_3)
FNDA:20,(anonymous_4)
FNDA:13,(anonymous_5)
FNDA:16,(anonymous_6)
FNDA:13,(anonymous_7)
FNDA:8,(anonymous_8)
FNDA:8,(anonymous_9)
FNDA:10,(anonymous_10)
FNDA:10,(anonymous_11)
FNDA:28,(anonymous_12)
DA:2,5
DA:3,5
DA:4,5
DA:7,34
DA:12,21
DA:13,21
DA:14,22
DA:16,22
DA:18,22
DA:19,3
DA:20,3
DA:24,22
DA:25,21
DA:26,21
DA:27,20
DA:28,20
DA:30,20
DA:35,1
DA:38,21
DA:41,20
DA:42,20
DA:43,20
DA:44,20
DA:45,20
DA:46,20
DA:48,20
DA:49,20
DA:50,20
DA:51,20
DA:52,20
DA:53,20
DA:55,20
DA:57,20
DA:58,20
DA:71,20
DA:73,20
DA:74,17
DA:76,3
DA:77,2
DA:81,20
DA:88,20
DA:90,20
DA:91,20
DA:92,8
DA:94,3
DA:99,5
DA:100,4
DA:103,1
DA:109,12
DA:110,8
DA:111,14
DA:112,14
DA:113,4
DA:114,4
DA:122,20
DA:123,7
DA:124,4
DA:127,3
DA:130,20
DA:133,13
DA:136,13
DA:137,16
DA:138,16
DA:143,13
DA:144,0
DA:146,13
DA:150,13
DA:153,0
DA:154,0
DA:158,13
DA:159,13
DA:160,13
DA:161,14
DA:162,14
DA:163,1
DA:164,13
DA:165,13
DA:166,9
DA:167,9
DA:168,8
DA:172,13
DA:175,8
DA:176,8
DA:177,8
DA:178,8
DA:179,8
DA:180,8
DA:181,8
DA:182,8
DA:183,8
DA:185,8
DA:186,8
DA:187,8
DA:189,8
DA:190,8
DA:199,8
DA:200,8
DA:201,8
DA:202,8
DA:203,1
DA:205,7
DA:206,1
DA:209,0
DA:210,0
DA:212,6
DA:215,10
DA:216,10
DA:218,0
DA:221,10
DA:222,10
DA:223,10
DA:224,10
DA:233,28
DA:234,2
DA:236,26
DA:237,26
DA:239,19
DA:240,14
DA:241,14
DA:242,14
DA:243,14
DA:248,7
DA:249,7
DA:250,4
DA:257,8
DA:260,5
LF:126
LH:120
BRDA:7,0,0,13
BRDA:7,0,1,21
BRDA:18,1,0,3
BRDA:18,1,1,19
BRDA:26,2,0,20
BRDA:26,2,1,1
BRDA:28,3,0,20
BRDA:28,3,1,0
BRDA:41,4,0,20
BRDA:41,4,1,0
BRDA:42,5,0,20
BRDA:42,5,1,0
BRDA:43,6,0,20
BRDA:43,6,1,0
BRDA:44,7,0,20
BRDA:44,7,1,0
BRDA:45,8,0,20
BRDA:45,8,1,1
BRDA:46,9,0,20
BRDA:46,9,1,1
BRDA:53,10,0,20
BRDA:53,10,1,2
BRDA:55,11,0,20
BRDA:55,11,1,1
BRDA:57,12,0,20
BRDA:57,12,1,6
BRDA:73,13,0,17
BRDA:73,13,1,3
BRDA:74,14,0,17
BRDA:74,14,1,0
BRDA:76,15,0,2
BRDA:76,15,1,1
BRDA:77,16,0,2
BRDA:77,16,1,0
BRDA:90,17,0,20
BRDA:90,17,1,12
BRDA:91,18,0,8
BRDA:91,18,1,12
BRDA:92,19,0,3
BRDA:92,19,1,5
BRDA:92,20,0,8
BRDA:92,20,1,6
BRDA:99,21,0,4
BRDA:99,21,1,1
BRDA:109,22,0,8
BRDA:109,22,1,4
BRDA:109,23,0,12
BRDA:109,23,1,10
BRDA:111,24,0,14
BRDA:111,24,1,9
BRDA:112,25,0,4
BRDA:112,25,1,10
BRDA:112,26,0,14
BRDA:112,26,1,5
BRDA:122,27,0,7
BRDA:122,27,1,13
BRDA:122,28,0,20
BRDA:122,28,1,8
BRDA:122,28,2,7
BRDA:123,29,0,4
BRDA:123,29,1,3
BRDA:123,30,0,7
BRDA:123,30,1,5
BRDA:138,31,0,16
BRDA:138,31,1,3
BRDA:138,31,2,2
BRDA:138,31,3,2
BRDA:143,32,0,0
BRDA:143,32,1,13
BRDA:162,33,0,1
BRDA:162,33,1,13
BRDA:165,34,0,9
BRDA:165,34,1,4
BRDA:167,35,0,8
BRDA:167,35,1,1
BRDA:175,36,0,8
BRDA:175,36,1,0
BRDA:176,37,0,8
BRDA:176,37,1,0
BRDA:177,38,0,8
BRDA:177,38,1,0
BRDA:178,39,0,8
BRDA:178,39,1,0
BRDA:179,40,0,8
BRDA:179,40,1,0
BRDA:180,41,0,8
BRDA:180,41,1,0
BRDA:181,42,0,8
BRDA:181,42,1,0
BRDA:182,43,0,8
BRDA:182,43,1,0
BRDA:185,44,0,8
BRDA:185,44,1,1
BRDA:186,45,0,8
BRDA:186,45,1,1
BRDA:187,46,0,7
BRDA:187,46,1,1
BRDA:187,47,0,8
BRDA:187,47,1,7
BRDA:189,48,0,8
BRDA:189,48,1,4
BRDA:199,49,0,8
BRDA:199,49,1,0
BRDA:199,50,0,8
BRDA:199,50,1,8
BRDA:199,50,2,8
BRDA:202,51,0,1
BRDA:202,51,1,7
BRDA:202,52,0,8
BRDA:202,52,1,1
BRDA:205,53,0,1
BRDA:205,53,1,6
BRDA:209,54,0,0
BRDA:209,54,1,0
BRDA:209,55,0,0
BRDA:209,55,1,0
BRDA:215,56,0,10
BRDA:215,56,1,0
BRDA:215,57,0,10
BRDA:215,57,1,10
BRDA:233,58,0,2
BRDA:233,58,1,26
BRDA:233,59,0,28
BRDA:233,59,1,26
BRDA:237,60,0,19
BRDA:237,60,1,7
BRDA:239,61,0,14
BRDA:239,61,1,5
BRDA:249,62,0,4
BRDA:249,62,1,3
BRF:130
BRH:108
end_of_record
TN:
SF:src/stockDatabase.ts
FN:12,fetchBatch
FN:13,(anonymous_1)
FN:48,createBatchTasks
FN:54,(anonymous_3)
FN:60,fetchAllStocksFromSina
FN:62,(anonymous_5)
FN:63,(anonymous_6)
FN:64,(anonymous_7)
FN:65,(anonymous_8)
FN:72,fetchBJBatch
FN:73,(anonymous_10)
FN:101,fetchBJStocksFromTencent
FN:102,(anonymous_12)
FN:111,(anonymous_13)
FN:118,fetchIndicesFromSina
FN:125,(anonymous_15)
FN:164,fetchETFsFromSina
FN:166,(anonymous_17)
FN:173,(anonymous_18)
FN:182,fetchHKBatch
FN:183,(anonymous_20)
FN:212,fetchHKStocksFromTencent
FN:214,(anonymous_22)
FN:216,(anonymous_23)
FN:227,(anonymous_24)
FN:239,fetchUSBatch
FN:240,(anonymous_26)
FN:304,fetchUSStocksFromTencent
FN:311,(anonymous_28)
FN:322,fetchAllStocks
FN:326,(anonymous_30)
FN:327,(anonymous_31)
FN:328,(anonymous_32)
FN:329,(anonymous_33)
FN:330,(anonymous_34)
FN:331,(anonymous_35)
FNF:36
FNH:31
FNDA:47,fetchBatch
FNDA:47,(anonymous_1)
FNDA:11,createBatchTasks
FNDA:47,(anonymous_3)
FNDA:6,fetchAllStocksFromSina
FNDA:24,(anonymous_5)
FNDA:18,(anonymous_6)
FNDA:24,(anonymous_7)
FNDA:12,(anonymous_8)
FNDA:2,fetchBJBatch
FNDA:2,(anonymous_10)
FNDA:5,fetchBJStocksFromTencent
FNDA:5,(anonymous_12)
FNDA:2,(anonymous_13)
FNDA:7,fetchIndicesFromSina
FNDA:7,(anonymous_15)
FNDA:6,fetchETFsFromSina
FNDA:21,(anonymous_17)
FNDA:7,(anonymous_18)
FNDA:140,fetchHKBatch
FNDA:140,(anonymous_20)
FNDA:5,fetchHKStocksFromTencent
FNDA:50,(anonymous_22)
FNDA:49995,(anonymous_23)
FNDA:140,(anonymous_24)
FNDA:9,fetchUSBatch
FNDA:9,(anonymous_26)
FNDA:6,fetchUSStocksFromTencent
FNDA:9,(anonymous_28)
FNDA:3,fetchAllStocks
FNDA:0,(anonymous_30)
FNDA:1,(anonymous_31)
FNDA:0,(anonymous_32)
FNDA:0,(anonymous_33)
FNDA:0,(anonymous_34)
FNDA:0,(anonymous_35)
DA:2,2
DA:3,2
DA:4,2
DA:5,2
DA:6,2
DA:7,2
DA:8,2
DA:9,2
DA:10,2
DA:13,47
DA:14,47
DA:15,47
DA:16,47
DA:20,33
DA:21,33
DA:22,33
DA:23,50
DA:24,50
DA:25,0
DA:26,50
DA:27,50
DA:28,50
DA:29,50
DA:30,50
DA:31,50
DA:32,33
DA:40,33
DA:43,14
DA:44,14
DA:49,11
DA:50,11
DA:51,98
DA:52,98
DA:53,98
DA:54,98
DA:57,11
DA:61,6
DA:62,24
DA:63,18
DA:64,24
DA:65,12
DA:67,6
DA:68,6
DA:69,6
DA:73,2
DA:74,2
DA:75,2
DA:76,2
DA:77,2
DA:78,2
DA:79,2
DA:80,3
DA:81,3
DA:82,3
DA:83,3
DA:84,3
DA:85,3
DA:86,2
DA:94,2
DA:97,0
DA:98,0
DA:102,5
DA:106,5
DA:107,5
DA:108,5
DA:109,5
DA:110,5
DA:111,5
DA:114,5
DA:115,4
DA:119,7
DA:120,7
DA:121,7
DA:122,7
DA:123,7
DA:124,7
DA:125,7
DA:126,7
DA:127,7
DA:128,7
DA:132,6
DA:133,6
DA:134,7
DA:135,7
DA:136,3
DA:137,4
DA:138,4
DA:139,4
DA:140,4
DA:141,4
DA:142,4
DA:143,4
DA:153,1
DA:156,7
DA:159,0
DA:160,0
DA:165,6
DA:166,21
DA:170,5
DA:171,5
DA:173,7
DA:174,4
DA:177,2
DA:178,2
DA:183,140
DA:184,140
DA:185,140
DA:186,140
DA:187,140
DA:188,140
DA:189,140
DA:191,210
DA:192,210
DA:193,210
DA:194,210
DA:195,210
DA:196,210
DA:197,210
DA:205,140
DA:208,0
DA:209,0
DA:213,5
DA:214,50
DA:217,49995
DA:219,49995
DA:222,5
DA:223,5
DA:224,50
DA:225,350
DA:226,350
DA:227,350
DA:230,5
DA:231,4
DA:234,1
DA:235,1
DA:240,9
DA:241,9
DA:242,9
DA:243,9
DA:244,9
DA:245,9
DA:246,9
DA:249,15
DA:250,15
DA:251,15
DA:252,15
DA:253,15
DA:255,15
DA:257,12
DA:258,12
DA:266,9
DA:269,0
DA:270,0
DA:275,2
DA:305,6
DA:306,6
DA:307,6
DA:308,6
DA:309,18
DA:310,18
DA:311,18
DA:313,6
DA:314,5
DA:317,1
DA:318,1
DA:323,3
DA:324,3
DA:325,3
DA:326,0
DA:327,1
DA:328,0
DA:329,0
DA:330,0
DA:331,0
DA:333,3
DA:334,3
DA:335,3
DA:336,3
DA:339,0
DA:340,0
LF:180
LH:164
BRDA:24,0,0,0
BRDA:24,0,1,50
BRDA:27,1,0,50
BRDA:27,1,1,0
BRDA:27,2,0,50
BRDA:27,2,1,50
BRDA:27,2,2,50
BRDA:31,3,0,33
BRDA:31,3,1,17
BRDA:31,4,0,50
BRDA:31,4,1,46
BRDA:31,4,2,33
BRDA:81,5,0,3
BRDA:81,5,1,0
BRDA:81,6,0,3
BRDA:81,6,1,3
BRDA:81,6,2,3
BRDA:85,7,0,2
BRDA:85,7,1,1
BRDA:85,8,0,3
BRDA:85,8,1,3
BRDA:85,8,2,3
BRDA:135,9,0,3
BRDA:135,9,1,4
BRDA:138,10,0,4
BRDA:138,10,1,0
BRDA:138,11,0,4
BRDA:138,11,1,4
BRDA:138,11,2,4
BRDA:142,12,0,4
BRDA:142,12,1,0
BRDA:142,13,0,4
BRDA:142,13,1,4
BRDA:142,13,2,4
BRDA:173,14,0,7
BRDA:173,14,1,7
BRDA:192,15,0,210
BRDA:192,15,1,0
BRDA:192,16,0,210
BRDA:192,16,1,210
BRDA:192,16,2,210
BRDA:196,17,0,210
BRDA:196,17,1,0
BRDA:196,18,0,210
BRDA:196,18,1,210
BRDA:196,18,2,210
BRDA:250,19,0,15
BRDA:250,19,1,0
BRDA:250,20,0,15
BRDA:250,20,1,15
BRDA:250,20,2,15
BRDA:255,21,0,12
BRDA:255,21,1,3
BRDA:255,22,0,15
BRDA:255,22,1,15
BRDA:255,22,2,15
BRDA:255,22,3,15
BRF:57
BRH:49
end_of_record
TN:
SF:src/utils.ts
FN:2,(anonymous_0)
FN:6,(anonymous_1)
FN:9,(anonymous_2)
FN:13,(anonymous_3)
FN:15,(anonymous_4)
FN:18,(anonymous_5)
FN:19,(anonymous_6)
FN:20,(anonymous_7)
FN:27,(anonymous_8)
FN:150,httpGet
FN:151,(anonymous_10)
FN:154,(anonymous_11)
FN:160,(anonymous_12)
FN:161,(anonymous_13)
FN:178,getStockUnitType
FN:190,formatVolume
FN:203,formatVolumeByCode
FN:207,formatTurnover
FN:217,generateCodes
FN:225,randomDelay
FN:229,executeConcurrent
FN:232,(anonymous_21)
FN:244,(anonymous_22)
FN:247,getStockPrefix
FN:260,formatChangePercent
FN:266,formatChangeAmount
FN:275,isMarketOpenByData
FN:345,isMarketOpen
FNF:28
FNH:25
FNDA:320,(anonymous_0)
FNDA:6,(anonymous_1)
FNDA:0,(anonymous_2)
FNDA:28,(anonymous_3)
FNDA:0,(anonymous_4)
FNDA:14,(anonymous_5)
FNDA:14,(anonymous_6)
FNDA:0,(anonymous_7)
FNDA:28,(anonymous_8)
FNDA:6,httpGet
FNDA:6,(anonymous_10)
FNDA:5,(anonymous_11)
FNDA:3,(anonymous_12)
FNDA:4,(anonymous_13)
FNDA:45,getStockUnitType
FNDA:51,formatVolume
FNDA:38,formatVolumeByCode
FNDA:46,formatTurnover
FNDA:2,generateCodes
FNDA:11,randomDelay
FNDA:5,executeConcurrent
FNDA:9,(anonymous_21)
FNDA:18,(anonymous_22)
FNDA:23,getStockPrefix
FNDA:67,formatChangePercent
FNDA:37,formatChangeAmount
FNDA:27,isMarketOpenByData
FNDA:31,isMarketOpen
DA:2,14
DA:3,320
DA:4,320
DA:5,320
DA:6,320
DA:8,320
DA:10,0
DA:11,0
DA:13,14
DA:14,28
DA:16,0
DA:18,14
DA:19,14
DA:20,14
DA:21,0
DA:22,0
DA:23,0
DA:25,14
DA:27,14
DA:28,28
DA:29,28
DA:30,320
DA:31,28
DA:32,28
DA:35,14
DA:36,14
DA:37,14
DA:38,14
DA:39,14
DA:40,14
DA:41,14
DA:42,14
DA:43,14
DA:44,14
DA:45,14
DA:46,14
DA:47,14
DA:48,14
DA:49,14
DA:50,14
DA:51,14
DA:53,14
DA:54,14
DA:55,14
DA:56,14
DA:57,14
DA:59,14
DA:151,6
DA:152,6
DA:153,6
DA:154,6
DA:155,5
DA:156,1
DA:157,1
DA:159,4
DA:160,4
DA:161,4
DA:162,4
DA:163,4
DA:166,4
DA:167,4
DA:171,0
DA:179,45
DA:180,45
DA:181,3
DA:183,42
DA:184,3
DA:186,39
DA:191,51
DA:192,51
DA:194,3
DA:196,48
DA:198,42
DA:200,6
DA:204,38
DA:208,46
DA:209,14
DA:211,32
DA:212,24
DA:214,8
DA:218,2
DA:219,2
DA:220,8
DA:222,2
DA:226,11
DA:230,5
DA:231,5
DA:232,5
DA:233,9
DA:234,18
DA:235,18
DA:236,18
DA:239,1
DA:243,5
DA:244,18
DA:248,23
DA:249,8
DA:251,15
DA:252,8
DA:254,7
DA:255,4
DA:257,3
DA:261,67
DA:262,67
DA:263,67
DA:267,37
DA:276,27
DA:278,7
DA:280,20
DA:281,20
DA:282,20
DA:284,20
DA:286,10
DA:287,7
DA:288,7
DA:289,7
DA:290,7
DA:293,3
DA:298,10
DA:299,10
DA:300,7
DA:301,7
DA:302,7
DA:303,7
DA:306,3
DA:310,14
DA:311,14
DA:313,10
DA:314,4
DA:315,4
DA:316,4
DA:318,4
DA:320,6
DA:321,5
DA:322,5
DA:323,4
DA:324,4
DA:325,4
DA:326,4
DA:330,2
DA:333,4
DA:337,0
DA:346,31
DA:347,31
DA:349,31
DA:350,4
DA:352,27
DA:353,27
DA:354,27
DA:357,27
DA:358,16
DA:361,11
DA:362,3
DA:364,8
LF:154
LH:146
BRDA:2,0,0,14
BRDA:2,0,1,14
BRDA:2,0,2,14
BRDA:2,1,0,14
BRDA:2,1,1,0
BRDA:3,2,0,320
BRDA:3,2,1,0
BRDA:5,3,0,320
BRDA:5,3,1,0
BRDA:5,4,0,320
BRDA:5,4,1,320
BRDA:5,5,0,26
BRDA:5,5,1,294
BRDA:5,6,0,294
BRDA:5,6,1,0
BRDA:10,7,0,0
BRDA:10,7,1,0
BRDA:13,8,0,14
BRDA:13,8,1,14
BRDA:13,8,2,14
BRDA:13,9,0,14
BRDA:13,9,1,0
BRDA:18,10,0,14
BRDA:18,10,1,14
BRDA:18,10,2,14
BRDA:20,11,0,14
BRDA:20,11,1,0
BRDA:22,12,0,0
BRDA:22,12,1,0
BRDA:28,13,0,0
BRDA:28,13,1,28
BRDA:28,14,0,28
BRDA:28,14,1,28
BRDA:30,15,0,28
BRDA:30,15,1,0
BRDA:30,16,0,320
BRDA:30,16,1,0
BRDA:152,17,0,1
BRDA:152,17,1,5
BRDA:153,18,0,6
BRDA:153,18,1,5
BRDA:155,19,0,1
BRDA:155,19,1,4
BRDA:155,20,0,5
BRDA:155,20,1,5
BRDA:180,21,0,3
BRDA:180,21,1,42
BRDA:183,22,0,3
BRDA:183,22,1,39
BRDA:190,23,0,0
BRDA:191,24,0,41
BRDA:191,24,1,10
BRDA:192,25,0,3
BRDA:192,25,1,48
BRDA:196,26,0,42
BRDA:196,26,1,6
BRDA:208,27,0,14
BRDA:208,27,1,32
BRDA:211,28,0,24
BRDA:211,28,1,8
BRDA:248,29,0,8
BRDA:248,29,1,15
BRDA:248,30,0,23
BRDA:248,30,1,14
BRDA:248,30,2,19
BRDA:248,30,3,10
BRDA:251,31,0,8
BRDA:251,31,1,7
BRDA:251,32,0,15
BRDA:251,32,1,14
BRDA:251,32,2,11
BRDA:251,32,3,10
BRDA:254,33,0,4
BRDA:254,33,1,3
BRDA:254,34,0,7
BRDA:254,34,1,6
BRDA:262,35,0,53
BRDA:262,35,1,14
BRDA:267,36,0,29
BRDA:267,36,1,8
BRDA:276,37,0,7
BRDA:276,37,1,20
BRDA:276,38,0,27
BRDA:276,38,1,21
BRDA:284,39,0,10
BRDA:284,39,1,10
BRDA:286,40,0,7
BRDA:286,40,1,3
BRDA:299,41,0,7
BRDA:299,41,1,3
BRDA:311,42,0,10
BRDA:311,42,1,4
BRDA:313,43,0,4
BRDA:313,43,1,6
BRDA:313,44,0,10
BRDA:313,44,1,5
BRDA:318,45,0,4
BRDA:318,45,1,3
BRDA:318,45,2,3
BRDA:318,45,3,1
BRDA:320,46,0,5
BRDA:320,46,1,1
BRDA:322,47,0,4
BRDA:322,47,1,1
BRDA:326,48,0,4
BRDA:326,48,1,3
BRDA:326,48,2,3
BRDA:326,48,3,1
BRDA:349,49,0,4
BRDA:349,49,1,27
BRDA:349,50,0,31
BRDA:349,50,1,29
BRDA:357,51,0,16
BRDA:357,51,1,11
BRDA:357,52,0,27
BRDA:357,52,1,23
BRDA:361,53,0,3
BRDA:361,53,1,8
BRDA:361,54,0,11
BRDA:361,54,1,5
BRF:120
BRH:106
end_of_record
